# JRE version: OpenJDK Runtime Environment Zulu15.46+17-CA (15.0.10+5) (build 15.0.10+5-MTS)
# Java VM: OpenJDK 64-Bit Server VM Zulu15.46+17-CA (15.0.10+5-MTS, mixed mode, sharing, tiered, compressed oops, g1 gc, linux-amd64)
GC Precious Log:
 CPUs: 12 total, 12 available
 Memory: 32037M
 Large Page Support: Disabled
 NUMA Support: Disabled
 Compressed Oops: Enabled (32-bit)
 Heap Region Size: 1M
 Heap Min Capacity: 256M
 Heap Initial Capacity: 256M
 Heap Max Capacity: 512M
 Pre-touch: Disabled
 Parallel Workers: 10
 Concurrent Workers: 3
 Concurrent Refinement Workers: 10
 Periodic GC: Disabled
Heap:
 garbage-first heap   total 262144K, used 157331K [0x00000000e0000000, 0x0000000100000000)
  region size 1024K, 83 young (84992K), 10 survivors (10240K)
 Metaspace       used 66573K, capacity 68118K, committed 68356K, reserved 444416K
  class space    used 9228K, capacity 9756K, committed 9856K, reserved 385024K
GC Heap History (16 events):
Event: 0,345 GC heap before
{Heap before GC invocations=0 (full 0):
 garbage-first heap   total 264192K, used 27452K [0x00000000e0000000, 0x0000000100000000)
  region size 1024K, 23 young (23552K), 0 survivors (0K)
 Metaspace       used 3522K, capacity 6224K, committed 6400K, reserved 393216K
  class space    used 454K, capacity 708K, committed 768K, reserved 385024K
}
Event: 0,352 GC heap after
{Heap after GC invocations=1 (full 0):
 garbage-first heap   total 264192K, used 11597K [0x00000000e0000000, 0x0000000100000000)
  region size 1024K, 3 young (3072K), 3 survivors (3072K)
 Metaspace       used 3522K, capacity 6224K, committed 6400K, reserved 393216K
  class space    used 454K, capacity 708K, committed 768K, reserved 385024K
}
Event: 0,560 GC heap before
{Heap before GC invocations=1 (full 0):
 garbage-first heap   total 264192K, used 43341K [0x00000000e0000000, 0x0000000100000000)
  region size 1024K, 34 young (34816K), 3 survivors (3072K)
 Metaspace       used 5126K, capacity 7339K, committed 7680K, reserved 393216K
  class space    used 672K, capacity 909K, committed 1024K, reserved 385024K
}
Event: 0,565 GC heap after
{Heap after GC invocations=2 (full 0):
 garbage-first heap   total 264192K, used 16245K [0x00000000e0000000, 0x0000000100000000)
  region size 1024K, 5 young (5120K), 5 survivors (5120K)
 Metaspace       used 5126K, capacity 7339K, committed 7680K, reserved 393216K
  class space    used 672K, capacity 909K, committed 1024K, reserved 385024K
}
Event: 1,638 GC heap before
{Heap before GC invocations=2 (full 0):
 garbage-first heap   total 264192K, used 109429K [0x00000000e0000000, 0x0000000100000000)
  region size 1024K, 97 young (99328K), 5 survivors (5120K)
 Metaspace       used 20650K, capacity 21037K, committed 21296K, reserved 403456K
  class space    used 3007K, capacity 3125K, committed 3200K, reserved 385024K
}
Event: 1,654 GC heap after
{Heap after GC invocations=3 (full 0):
 garbage-first heap   total 264192K, used 21956K [0x00000000e0000000, 0x0000000100000000)
  region size 1024K, 11 young (11264K), 11 survivors (11264K)
 Metaspace       used 20650K, capacity 21037K, committed 21296K, reserved 403456K
  class space    used 3007K, capacity 3125K, committed 3200K, reserved 385024K
}
Event: 2,774 GC heap before
{Heap before GC invocations=4 (full 0):
 garbage-first heap   total 262144K, used 146884K [0x00000000e0000000, 0x0000000100000000)
  region size 1024K, 130 young (133120K), 11 survivors (11264K)
 Metaspace       used 34820K, capacity 35409K, committed 35888K, reserved 417792K
  class space    used 4753K, capacity 4966K, committed 4992K, reserved 385024K
}
Event: 2,803 GC heap after
{Heap after GC invocations=5 (full 0):
 garbage-first heap   total 262144K, used 32332K [0x00000000e0000000, 0x0000000100000000)
  region size 1024K, 20 young (20480K), 20 survivors (20480K)
 Metaspace       used 34820K, capacity 35409K, committed 35888K, reserved 417792K
  class space    used 4753K, capacity 4966K, committed 4992K, reserved 385024K
}
Event: 93,851 GC heap before
{Heap before GC invocations=6 (full 0):
 garbage-first heap   total 262144K, used 172620K [0x00000000e0000000, 0x0000000100000000)
  region size 1024K, 153 young (156672K), 20 survivors (20480K)
 Metaspace       used 48546K, capacity 49479K, committed 49820K, reserved 428032K
  class space    used 6806K, capacity 7118K, committed 7168K, reserved 385024K
}
Event: 93,874 GC heap after
{Heap after GC invocations=7 (full 0):
 garbage-first heap   total 262144K, used 41571K [0x00000000e0000000, 0x0000000100000000)
  region size 1024K, 17 young (17408K), 17 survivors (17408K)
 Metaspace       used 48546K, capacity 49479K, committed 49820K, reserved 428032K
  class space    used 6806K, capacity 7118K, committed 7168K, reserved 385024K
}
Event: 94,857 GC heap before
{Heap before GC invocations=7 (full 0):
 garbage-first heap   total 262144K, used 190051K [0x00000000e0000000, 0x0000000100000000)
  region size 1024K, 153 young (156672K), 17 survivors (17408K)
 Metaspace       used 58230K, capacity 59287K, committed 59548K, reserved 436224K
  class space    used 8068K, capacity 8422K, committed 8448K, reserved 385024K
}
Event: 94,875 GC heap after
{Heap after GC invocations=8 (full 0):
 garbage-first heap   total 262144K, used 66765K [0x00000000e0000000, 0x0000000100000000)
  region size 1024K, 20 young (20480K), 20 survivors (20480K)
 Metaspace       used 58230K, capacity 59287K, committed 59548K, reserved 436224K
  class space    used 8068K, capacity 8422K, committed 8448K, reserved 385024K
}
Event: 94,961 GC heap before
{Heap before GC invocations=8 (full 0):
 garbage-first heap   total 262144K, used 80077K [0x00000000e0000000, 0x0000000100000000)
  region size 1024K, 35 young (35840K), 20 survivors (20480K)
 Metaspace       used 59161K, capacity 60247K, committed 60420K, reserved 438272K
  class space    used 8143K, capacity 8486K, committed 8576K, reserved 385024K
}
Event: 94,981 GC heap after
{Heap after GC invocations=9 (full 0):
 garbage-first heap   total 262144K, used 70798K [0x00000000e0000000, 0x0000000100000000)
  region size 1024K, 4 young (4096K), 4 survivors (4096K)
 Metaspace       used 59161K, capacity 60247K, committed 60420K, reserved 438272K
  class space    used 8143K, capacity 8486K, committed 8576K, reserved 385024K
}
Event: 95,459 GC heap before
{Heap before GC invocations=10 (full 0):
 garbage-first heap   total 262144K, used 174222K [0x00000000e0000000, 0x0000000100000000)
  region size 1024K, 100 young (102400K), 4 survivors (4096K)
 Metaspace       used 63634K, capacity 64973K, committed 65284K, reserved 442368K
  class space    used 8774K, capacity 9250K, committed 9344K, reserved 385024K
}
Event: 95,463 GC heap after
{Heap after GC invocations=11 (full 0):
 garbage-first heap   total 262144K, used 83603K [0x00000000e0000000, 0x0000000100000000)
  region size 1024K, 10 young (10240K), 10 survivors (10240K)
 Metaspace       used 63634K, capacity 64973K, committed 65284K, reserved 442368K
  class space    used 8774K, capacity 9250K, committed 9344K, reserved 385024K
}

